
**** Build of configuration Debug for project hello_world_0 ****

make all 
Building file: ../src/helloworld.c
Invoking: MicroBlaze gcc compiler
mb-gcc -Wall -O0 -g3 -c -fmessage-length=0 -I../../hello_world_bsp_0/microblaze_0/include -mlittle-endian -mxl-barrel-shift -mxl-pattern-compare -mcpu=v8.20.b -mno-xl-soft-mul -MMD -MP -MF"src/helloworld.d" -MT"src/helloworld.d" -o"src/helloworld.o" "../src/helloworld.c"
../src/helloworld.c: In function 'init_tank':
../src/helloworld.c:43: error: expected '=', ',', ';', 'asm' or '__attribute__' before '{' token
../src/helloworld.c:35: error: declaration for parameter 'print' but no such parameter
../src/aliens.h:21: error: declaration for parameter 'aliens_update_bullets' but no such parameter
../src/aliens.h:20: error: declaration for parameter 'alien_missle' but no such parameter
../src/aliens.h:19: error: declaration for parameter 'aliens_kill' but no such parameter
../src/aliens.h:18: error: declaration for parameter 'aliens_right' but no such parameter
../src/aliens.h:17: error: declaration for parameter 'aliens_left' but no such parameter
../src/aliens.h:16: error: declaration for parameter 'alien_init' but no such parameter
../src/interface.h:16: error: declaration for parameter 'draw_tanks' but no such parameter
../src/interface.h:14: error: declaration for parameter 'draw_line' but no such parameter
../src/tank.h:29: error: declaration for parameter 'update_shell' but no such parameter
../src/tank.h:26: error: declaration for parameter 'fire_tank' but no such parameter
../src/tank.h:23: error: declaration for parameter 'draw_tank' but no such parameter
../src/tank.h:20: error: declaration for parameter 'move_right' but no such parameter
../src/tank.h:18: error: declaration for parameter 'move_left' but no such parameter
../src/helloworld.c:180: error: expected '{' at end of input
make: *** [src/helloworld.o] Error 1
