C:\Users\superman\Desktop\byu-ee-427-labs\SIHW_pit_fit_DMA_switches_7seg\SpaceInvadersHW_Pit_fit\implementation\system.ngc 1481246724
C:/Users/superman/Desktop/byu-ee-427-labs/SIHW_pit_fit_DMA_switches_7seg/SpaceInvadersHW_Pit_fit/implementation/push_buttons_5bits_wrapper.ngc 1481246618
C:/Users/superman/Desktop/byu-ee-427-labs/SIHW_pit_fit_DMA_switches_7seg/SpaceInvadersHW_Pit_fit/implementation/switches_7bits_wrapper.ngc 1481246618
C:/Users/superman/Desktop/byu-ee-427-labs/SIHW_pit_fit_DMA_switches_7seg/SpaceInvadersHW_Pit_fit/implementation/rs232_uart_1_wrapper.ngc 1481246618
C:/Users/superman/Desktop/byu-ee-427-labs/SIHW_pit_fit_DMA_switches_7seg/SpaceInvadersHW_Pit_fit/implementation/proc_sys_reset_0_wrapper.ngc 1481246618
C:/Users/superman/Desktop/byu-ee-427-labs/SIHW_pit_fit_DMA_switches_7seg/SpaceInvadersHW_Pit_fit/implementation/clock_generator_0_wrapper.ngc 1481246694
C:/Users/superman/Desktop/byu-ee-427-labs/SIHW_pit_fit_DMA_switches_7seg/SpaceInvadersHW_Pit_fit/implementation/axi_hdmi_0_wrapper.ngc 1481246618
C:/Users/superman/Desktop/byu-ee-427-labs/SIHW_pit_fit_DMA_switches_7seg/SpaceInvadersHW_Pit_fit/implementation/axi_ac97_0_wrapper.ngc 1481246663
C:/Users/superman/Desktop/byu-ee-427-labs/SIHW_pit_fit_DMA_switches_7seg/SpaceInvadersHW_Pit_fit/implementation/microblaze_0_ilmb_wrapper.ngc 1481246618
C:/Users/superman/Desktop/byu-ee-427-labs/SIHW_pit_fit_DMA_switches_7seg/SpaceInvadersHW_Pit_fit/implementation/microblaze_0_dlmb_wrapper.ngc 1481246618
C:/Users/superman/Desktop/byu-ee-427-labs/SIHW_pit_fit_DMA_switches_7seg/SpaceInvadersHW_Pit_fit/implementation/mcb_ddr2_wrapper.ngc 1481246618
C:/Users/superman/Desktop/byu-ee-427-labs/SIHW_pit_fit_DMA_switches_7seg/SpaceInvadersHW_Pit_fit/implementation/axi4lite_0_wrapper.ngc 1481246697
C:/Users/superman/Desktop/byu-ee-427-labs/SIHW_pit_fit_DMA_switches_7seg/SpaceInvadersHW_Pit_fit/implementation/axi4_0_wrapper.ngc 1481246618
C:/Users/superman/Desktop/byu-ee-427-labs/SIHW_pit_fit_DMA_switches_7seg/SpaceInvadersHW_Pit_fit/implementation/microblaze_0_wrapper.ngc 1481246618
C:/Users/superman/Desktop/byu-ee-427-labs/SIHW_pit_fit_DMA_switches_7seg/SpaceInvadersHW_Pit_fit/implementation/axi_vdma_0_wrapper.ngc 1481246618
C:/Users/superman/Desktop/byu-ee-427-labs/SIHW_pit_fit_DMA_switches_7seg/SpaceInvadersHW_Pit_fit/implementation/axi_intc_0_wrapper.ngc 1481246618
C:/Users/superman/Desktop/byu-ee-427-labs/SIHW_pit_fit_DMA_switches_7seg/SpaceInvadersHW_Pit_fit/implementation/microblaze_0_i_bram_ctrl_wrapper.ngc 1481246618
C:/Users/superman/Desktop/byu-ee-427-labs/SIHW_pit_fit_DMA_switches_7seg/SpaceInvadersHW_Pit_fit/implementation/microblaze_0_d_bram_ctrl_wrapper.ngc 1481246618
C:/Users/superman/Desktop/byu-ee-427-labs/SIHW_pit_fit_DMA_switches_7seg/SpaceInvadersHW_Pit_fit/implementation/debug_module_wrapper.ngc 1481246618
C:/Users/superman/Desktop/byu-ee-427-labs/SIHW_pit_fit_DMA_switches_7seg/SpaceInvadersHW_Pit_fit/implementation/pit_0_wrapper.ngc 1481246635
C:/Users/superman/Desktop/byu-ee-427-labs/SIHW_pit_fit_DMA_switches_7seg/SpaceInvadersHW_Pit_fit/implementation/fit_timer_0_wrapper.ngc 1481246618
C:/Users/superman/Desktop/byu-ee-427-labs/SIHW_pit_fit_DMA_switches_7seg/SpaceInvadersHW_Pit_fit/implementation/dma_0_wrapper.ngc 1481246649
C:/Users/superman/Desktop/byu-ee-427-labs/SIHW_pit_fit_DMA_switches_7seg/SpaceInvadersHW_Pit_fit/implementation/axi_timer_0_wrapper.ngc 1481246618
C:/Users/superman/Desktop/byu-ee-427-labs/SIHW_pit_fit_DMA_switches_7seg/SpaceInvadersHW_Pit_fit/implementation/digilent_quadspi_cntlr_wrapper.ngc 1481246618
C:/Users/superman/Desktop/byu-ee-427-labs/SIHW_pit_fit_DMA_switches_7seg/SpaceInvadersHW_Pit_fit/implementation/score_display_2_0_wrapper.ngc 1481246688
C:/Users/superman/Desktop/byu-ee-427-labs/SIHW_pit_fit_DMA_switches_7seg/SpaceInvadersHW_Pit_fit/implementation/microblaze_0_bram_block_wrapper.ngc 1481246618
OK
