C:\Users\superman\Desktop\byu-ee-427-labs\SpaceInvadersHW\implementation\system.ngc 1478129970
C:/Users/superman/Desktop/byu-ee-427-labs/SpaceInvadersHW/implementation/rs232_uart_1_wrapper.ngc 1478129604
C:/Users/superman/Desktop/byu-ee-427-labs/SpaceInvadersHW/implementation/proc_sys_reset_0_wrapper.ngc 1478129604
C:/Users/superman/Desktop/byu-ee-427-labs/SpaceInvadersHW/implementation/clock_generator_0_wrapper.ngc 1478129638
C:/Users/superman/Desktop/byu-ee-427-labs/SpaceInvadersHW/implementation/axi_hdmi_0_wrapper.ngc 1478129604
C:/Users/superman/Desktop/byu-ee-427-labs/SpaceInvadersHW/implementation/axi_ac97_0_wrapper.ngc 1478129621
C:/Users/superman/Desktop/byu-ee-427-labs/SpaceInvadersHW/implementation/microblaze_0_ilmb_wrapper.ngc 1478129604
C:/Users/superman/Desktop/byu-ee-427-labs/SpaceInvadersHW/implementation/microblaze_0_dlmb_wrapper.ngc 1478129604
C:/Users/superman/Desktop/byu-ee-427-labs/SpaceInvadersHW/implementation/mcb_ddr2_wrapper.ngc 1478129604
C:/Users/superman/Desktop/byu-ee-427-labs/SpaceInvadersHW/implementation/axi4lite_0_wrapper.ngc 1478129604
C:/Users/superman/Desktop/byu-ee-427-labs/SpaceInvadersHW/implementation/axi4_0_wrapper.ngc 1478129604
C:/Users/superman/Desktop/byu-ee-427-labs/SpaceInvadersHW/implementation/microblaze_0_wrapper.ngc 1478129604
C:/Users/superman/Desktop/byu-ee-427-labs/SpaceInvadersHW/implementation/axi_vdma_0_wrapper.ngc 1478129604
C:/Users/superman/Desktop/byu-ee-427-labs/SpaceInvadersHW/implementation/microblaze_0_i_bram_ctrl_wrapper.ngc 1478129604
C:/Users/superman/Desktop/byu-ee-427-labs/SpaceInvadersHW/implementation/microblaze_0_d_bram_ctrl_wrapper.ngc 1478129604
C:/Users/superman/Desktop/byu-ee-427-labs/SpaceInvadersHW/implementation/debug_module_wrapper.ngc 1478129604
C:/Users/superman/Desktop/byu-ee-427-labs/SpaceInvadersHW/implementation/digilent_quadspi_cntlr_wrapper.ngc 1478129604
C:/Users/superman/Desktop/byu-ee-427-labs/SpaceInvadersHW/implementation/axi_intc_0_wrapper.ngc 1478129604
C:/Users/superman/Desktop/byu-ee-427-labs/SpaceInvadersHW/implementation/axi_timer_0_wrapper.ngc 1478129604
C:/Users/superman/Desktop/byu-ee-427-labs/SpaceInvadersHW/implementation/blinking_lights_0_wrapper.ngc 1478129629
C:/Users/superman/Desktop/byu-ee-427-labs/SpaceInvadersHW/implementation/pit_0_wrapper.ngc 1478129604
C:/Users/superman/Desktop/byu-ee-427-labs/SpaceInvadersHW/implementation/microblaze_0_bram_block_wrapper.ngc 1478129604
OK
